  Application.cpp
C:\Users\Donc3 Kebabas\Documents\GitHub\OpenGLYoutube\OpenGLYoutube\src\Shader.h(1,1): error C2059: syntax error: '-'
C:\Users\Donc3 Kebabas\Documents\GitHub\OpenGLYoutube\OpenGLYoutube\src\Shader.h(1,2): error C2014: preprocessor command must start as first nonwhite space
C:\Program Files (x86)\Microsoft Visual Studio\2019\Community\VC\Tools\MSVC\14.29.30133\include\list(24,1): error C2143: syntax error: missing ';' before '{'
C:\Program Files (x86)\Microsoft Visual Studio\2019\Community\VC\Tools\MSVC\14.29.30133\include\list(24,1): error C2447: '{': missing function header (old-style formal list?)
C:\Program Files (x86)\Microsoft Visual Studio\2019\Community\VC\Tools\MSVC\14.29.30133\include\xhash(222,45): error C2061: syntax error: identifier '_List_val'
C:\Program Files (x86)\Microsoft Visual Studio\2019\Community\VC\Tools\MSVC\14.29.30133\include\xhash(239): message : see reference to class template instantiation 'std::_List_head_construct_ptr<_Alnode>' being compiled
C:\Program Files (x86)\Microsoft Visual Studio\2019\Community\VC\Tools\MSVC\14.29.30133\include\xhash(224,9): error C3861: '_Mycont': identifier not found
C:\Program Files (x86)\Microsoft Visual Studio\2019\Community\VC\Tools\MSVC\14.29.30133\include\xhash(222,5): message : This diagnostic occurred in the compiler generated function 'std::_List_head_construct_ptr<_Alnode>::_List_head_construct_ptr(_Alnode &)'
C:\Program Files (x86)\Microsoft Visual Studio\2019\Community\VC\Tools\MSVC\14.29.30133\include\xhash(327,33): error C2061: syntax error: identifier 'list'
C:\Program Files (x86)\Microsoft Visual Studio\2019\Community\VC\Tools\MSVC\14.29.30133\include\xhash(1938): message : see reference to class template instantiation 'std::_Hash<_Traits>' being compiled
C:\Program Files (x86)\Microsoft Visual Studio\2019\Community\VC\Tools\MSVC\14.29.30133\include\xhash(328,42): error C2653: '_Mylist': is not a class or namespace name
C:\Program Files (x86)\Microsoft Visual Studio\2019\Community\VC\Tools\MSVC\14.29.30133\include\xhash(328,51): error C2146: syntax error: missing ';' before identifier '_Alnode'
C:\Program Files (x86)\Microsoft Visual Studio\2019\Community\VC\Tools\MSVC\14.29.30133\include\xhash(328,1): error C4430: missing type specifier - int assumed. Note: C++ does not support default-int
C:\Program Files (x86)\Microsoft Visual Studio\2019\Community\VC\Tools\MSVC\14.29.30133\include\xhash(328,1): error C2868: 'std::_Hash<_Traits>::_Alnode': ill-formed using-declaration; expected a qualified-name
C:\Program Files (x86)\Microsoft Visual Studio\2019\Community\VC\Tools\MSVC\14.29.30133\include\xhash(329,42): error C2653: '_Mylist': is not a class or namespace name
C:\Program Files (x86)\Microsoft Visual Studio\2019\Community\VC\Tools\MSVC\14.29.30133\include\xhash(329,51): error C2146: syntax error: missing ';' before identifier '_Alnode_traits'
C:\Program Files (x86)\Microsoft Visual Studio\2019\Community\VC\Tools\MSVC\14.29.30133\include\xhash(329,1): error C4430: missing type specifier - int assumed. Note: C++ does not support default-int
C:\Program Files (x86)\Microsoft Visual Studio\2019\Community\VC\Tools\MSVC\14.29.30133\include\xhash(329,1): error C2868: 'std::_Hash<_Traits>::_Alnode_traits': ill-formed using-declaration; expected a qualified-name
C:\Program Files (x86)\Microsoft Visual Studio\2019\Community\VC\Tools\MSVC\14.29.30133\include\xhash(330,42): error C2653: '_Mylist': is not a class or namespace name
C:\Program Files (x86)\Microsoft Visual Studio\2019\Community\VC\Tools\MSVC\14.29.30133\include\xhash(330,51): error C2146: syntax error: missing ';' before identifier '_Node'
C:\Program Files (x86)\Microsoft Visual Studio\2019\Community\VC\Tools\MSVC\14.29.30133\include\xhash(330,1): error C4430: missing type specifier - int assumed. Note: C++ does not support default-int
C:\Program Files (x86)\Microsoft Visual Studio\2019\Community\VC\Tools\MSVC\14.29.30133\include\xhash(330,1): error C2868: 'std::_Hash<_Traits>::_Node': ill-formed using-declaration; expected a qualified-name
C:\Program Files (x86)\Microsoft Visual Studio\2019\Community\VC\Tools\MSVC\14.29.30133\include\xhash(331,42): error C2653: '_Mylist': is not a class or namespace name
C:\Program Files (x86)\Microsoft Visual Studio\2019\Community\VC\Tools\MSVC\14.29.30133\include\xhash(331,51): error C2146: syntax error: missing ';' before identifier '_Nodeptr'
C:\Program Files (x86)\Microsoft Visual Studio\2019\Community\VC\Tools\MSVC\14.29.30133\include\xhash(331,1): error C4430: missing type specifier - int assumed. Note: C++ does not support default-int
C:\Program Files (x86)\Microsoft Visual Studio\2019\Community\VC\Tools\MSVC\14.29.30133\include\xhash(331,1): error C2868: 'std::_Hash<_Traits>::_Nodeptr': ill-formed using-declaration; expected a qualified-name
C:\Program Files (x86)\Microsoft Visual Studio\2019\Community\VC\Tools\MSVC\14.29.30133\include\xhash(340,38): error C2653: '_Mylist': is not a class or namespace name
C:\Program Files (x86)\Microsoft Visual Studio\2019\Community\VC\Tools\MSVC\14.29.30133\include\xhash(340,47): error C2146: syntax error: missing ';' before identifier 'value_type'
C:\Program Files (x86)\Microsoft Visual Studio\2019\Community\VC\Tools\MSVC\14.29.30133\include\xhash(340,1): error C4430: missing type specifier - int assumed. Note: C++ does not support default-int
C:\Program Files (x86)\Microsoft Visual Studio\2019\Community\VC\Tools\MSVC\14.29.30133\include\xhash(340,1): error C2868: 'std::_Hash<_Traits>::value_type': ill-formed using-declaration; expected a qualified-name
C:\Program Files (x86)\Microsoft Visual Studio\2019\Community\VC\Tools\MSVC\14.29.30133\include\xhash(341,38): error C2653: '_Mylist': is not a class or namespace name
C:\Program Files (x86)\Microsoft Visual Studio\2019\Community\VC\Tools\MSVC\14.29.30133\include\xhash(341,47): error C2146: syntax error: missing ';' before identifier 'allocator_type'
C:\Program Files (x86)\Microsoft Visual Studio\2019\Community\VC\Tools\MSVC\14.29.30133\include\xhash(341,1): error C4430: missing type specifier - int assumed. Note: C++ does not support default-int
C:\Program Files (x86)\Microsoft Visual Studio\2019\Community\VC\Tools\MSVC\14.29.30133\include\xhash(341,1): error C2868: 'std::_Hash<_Traits>::allocator_type': ill-formed using-declaration; expected a qualified-name
C:\Program Files (x86)\Microsoft Visual Studio\2019\Community\VC\Tools\MSVC\14.29.30133\include\xhash(342,38): error C2653: '_Mylist': is not a class or namespace name
C:\Program Files (x86)\Microsoft Visual Studio\2019\Community\VC\Tools\MSVC\14.29.30133\include\xhash(342,47): error C2146: syntax error: missing ';' before identifier 'size_type'
C:\Program Files (x86)\Microsoft Visual Studio\2019\Community\VC\Tools\MSVC\14.29.30133\include\xhash(342,1): error C4430: missing type specifier - int assumed. Note: C++ does not support default-int
C:\Program Files (x86)\Microsoft Visual Studio\2019\Community\VC\Tools\MSVC\14.29.30133\include\xhash(342,1): error C2868: 'std::_Hash<_Traits>::size_type': ill-formed using-declaration; expected a qualified-name
C:\Program Files (x86)\Microsoft Visual Studio\2019\Community\VC\Tools\MSVC\14.29.30133\include\xhash(343,38): error C2653: '_Mylist': is not a class or namespace name
C:\Program Files (x86)\Microsoft Visual Studio\2019\Community\VC\Tools\MSVC\14.29.30133\include\xhash(343,47): error C2146: syntax error: missing ';' before identifier 'difference_type'
C:\Program Files (x86)\Microsoft Visual Studio\2019\Community\VC\Tools\MSVC\14.29.30133\include\xhash(343,1): error C4430: missing type specifier - int assumed. Note: C++ does not support default-int
C:\Program Files (x86)\Microsoft Visual Studio\2019\Community\VC\Tools\MSVC\14.29.30133\include\xhash(343,1): error C2868: 'std::_Hash<_Traits>::difference_type': ill-formed using-declaration; expected a qualified-name
C:\Program Files (x86)\Microsoft Visual Studio\2019\Community\VC\Tools\MSVC\14.29.30133\include\xhash(344,38): error C2653: '_Mylist': is not a class or namespace name
C:\Program Files (x86)\Microsoft Visual Studio\2019\Community\VC\Tools\MSVC\14.29.30133\include\xhash(344,47): error C2146: syntax error: missing ';' before identifier 'pointer'
C:\Program Files (x86)\Microsoft Visual Studio\2019\Community\VC\Tools\MSVC\14.29.30133\include\xhash(344,1): error C4430: missing type specifier - int assumed. Note: C++ does not support default-int
C:\Program Files (x86)\Microsoft Visual Studio\2019\Community\VC\Tools\MSVC\14.29.30133\include\xhash(344,1): error C2868: 'std::_Hash<_Traits>::pointer': ill-formed using-declaration; expected a qualified-name
C:\Program Files (x86)\Microsoft Visual Studio\2019\Community\VC\Tools\MSVC\14.29.30133\include\xhash(345,38): error C2653: '_Mylist': is not a class or namespace name
C:\Program Files (x86)\Microsoft Visual Studio\2019\Community\VC\Tools\MSVC\14.29.30133\include\xhash(345,47): error C2146: syntax error: missing ';' before identifier 'const_pointer'
C:\Program Files (x86)\Microsoft Visual Studio\2019\Community\VC\Tools\MSVC\14.29.30133\include\xhash(345,1): error C4430: missing type specifier - int assumed. Note: C++ does not support default-int
C:\Program Files (x86)\Microsoft Visual Studio\2019\Community\VC\Tools\MSVC\14.29.30133\include\xhash(345,1): error C2868: 'std::_Hash<_Traits>::const_pointer': ill-formed using-declaration; expected a qualified-name
C:\Program Files (x86)\Microsoft Visual Studio\2019\Community\VC\Tools\MSVC\14.29.30133\include\xhash(350,65): error C2653: '_Mylist': is not a class or namespace name
C:\Program Files (x86)\Microsoft Visual Studio\2019\Community\VC\Tools\MSVC\14.29.30133\include\xhash(350,74): error C2146: syntax error: missing '>' before identifier 'const_iterator'
C:\Program Files (x86)\Microsoft Visual Studio\2019\Community\VC\Tools\MSVC\14.29.30133\include\xhash(350,99): error C2653: '_Mylist': is not a class or namespace name
C:\Program Files (x86)\Microsoft Visual Studio\2019\Community\VC\Tools\MSVC\14.29.30133\include\xhash(351,37): error C2653: '_Mylist': is not a class or namespace name
C:\Program Files (x86)\Microsoft Visual Studio\2019\Community\VC\Tools\MSVC\14.29.30133\include\xhash(351,46): error C2146: syntax error: missing ';' before identifier 'const_iterator'
C:\Program Files (x86)\Microsoft Visual Studio\2019\Community\VC\Tools\MSVC\14.29.30133\include\xhash(351,1): error C4430: missing type specifier - int assumed. Note: C++ does not support default-int
C:\Program Files (x86)\Microsoft Visual Studio\2019\Community\VC\Tools\MSVC\14.29.30133\include\xhash(351,1): error C2868: 'std::_Hash<_Traits>::const_iterator': ill-formed using-declaration; expected a qualified-name
C:\Program Files (x86)\Microsoft Visual Studio\2019\Community\VC\Tools\MSVC\14.29.30133\include\xhash(354,18): error C2653: '_Mylist': is not a class or namespace name
C:\Program Files (x86)\Microsoft Visual Studio\2019\Community\VC\Tools\MSVC\14.29.30133\include\xhash(354,27): error C2146: syntax error: missing '>' before identifier '_Unchecked_const_iterator'
C:\Program Files (x86)\Microsoft Visual Studio\2019\Community\VC\Tools\MSVC\14.29.30133\include\xhash(354,63): error C2653: '_Mylist': is not a class or namespace name
C:\Program Files (x86)\Microsoft Visual Studio\2019\Community\VC\Tools\MSVC\14.29.30133\include\xhash(355,48): error C2653: '_Mylist': is not a class or namespace name
C:\Program Files (x86)\Microsoft Visual Studio\2019\Community\VC\Tools\MSVC\14.29.30133\include\xhash(355,57): error C2146: syntax error: missing ';' before identifier '_Unchecked_const_iterator'
C:\Program Files (x86)\Microsoft Visual Studio\2019\Community\VC\Tools\MSVC\14.29.30133\include\xhash(355,1): error C4430: missing type specifier - int assumed. Note: C++ does not support default-int
C:\Program Files (x86)\Microsoft Visual Studio\2019\Community\VC\Tools\MSVC\14.29.30133\include\xhash(355,1): error C2868: 'std::_Hash<_Traits>::_Unchecked_const_iterator': ill-formed using-declaration; expected a qualified-name
C:\Program Files (x86)\Microsoft Visual Studio\2019\Community\VC\Tools\MSVC\14.29.30133\include\xhash(958,23): error C2061: syntax error: identifier '_Mylist'
C:\Program Files (x86)\Microsoft Visual Studio\2019\Community\VC\Tools\MSVC\14.29.30133\include\xhash(966): message : see reference to class template instantiation 'std::_Hash<_Traits>::_Range_eraser' being compiled
C:\Program Files (x86)\Microsoft Visual Studio\2019\Community\VC\Tools\MSVC\14.29.30133\include\xhash(969,16): error C2143: syntax error: missing ';' before '&'
C:\Program Files (x86)\Microsoft Visual Studio\2019\Community\VC\Tools\MSVC\14.29.30133\include\xhash(969,1): error C4430: missing type specifier - int assumed. Note: C++ does not support default-int
C:\Program Files (x86)\Microsoft Visual Studio\2019\Community\VC\Tools\MSVC\14.29.30133\include\xhash(969,1): error C2238: unexpected token(s) preceding ';'
C:\Program Files (x86)\Microsoft Visual Studio\2019\Community\VC\Tools\MSVC\14.29.30133\include\xhash(1932,13): error C3646: '_List': unknown override specifier
C:\Program Files (x86)\Microsoft Visual Studio\2019\Community\VC\Tools\MSVC\14.29.30133\include\xhash(1932,1): error C4430: missing type specifier - int assumed. Note: C++ does not support default-int
C:\Program Files (x86)\Microsoft Visual Studio\2019\Community\VC\Tools\MSVC\14.29.30133\include\xhash(368,30): error C3861: '_List': identifier not found
C:\Program Files (x86)\Microsoft Visual Studio\2019\Community\VC\Tools\MSVC\14.29.30133\include\xhash(371,45): error C3861: '_List': identifier not found
C:\Program Files (x86)\Microsoft Visual Studio\2019\Community\VC\Tools\MSVC\14.29.30133\include\xhash(379,42): error C3861: '_List': identifier not found
C:\Program Files (x86)\Microsoft Visual Studio\2019\Community\VC\Tools\MSVC\14.29.30133\include\xhash(378,5): message : This diagnostic occurred in the compiler generated function 'std::_Hash<_Traits>::_Hash(const std::_Hash<_Traits> &,const _Any_alloc &)'
C:\Program Files (x86)\Microsoft Visual Studio\2019\Community\VC\Tools\MSVC\14.29.30133\include\xhash(382,47): error C3861: '_List': identifier not found
C:\Program Files (x86)\Microsoft Visual Studio\2019\Community\VC\Tools\MSVC\14.29.30133\include\xhash(378,5): message : This diagnostic occurred in the compiler generated function 'std::_Hash<_Traits>::_Hash(const std::_Hash<_Traits> &,const _Any_alloc &)'
C:\Program Files (x86)\Microsoft Visual Studio\2019\Community\VC\Tools\MSVC\14.29.30133\include\xhash(391,42): error C3861: '_List': identifier not found
C:\Program Files (x86)\Microsoft Visual Studio\2019\Community\VC\Tools\MSVC\14.29.30133\include\xhash(394,9): error C3861: '_List': identifier not found
C:\Program Files (x86)\Microsoft Visual Studio\2019\Community\VC\Tools\MSVC\14.29.30133\include\xhash(407,9): error C3861: '_List': identifier not found
C:\Program Files (x86)\Microsoft Visual Studio\2019\Community\VC\Tools\MSVC\14.29.30133\include\xhash(414,87): error C3861: '_List': identifier not found
C:\Program Files (x86)\Microsoft Visual Studio\2019\Community\VC\Tools\MSVC\14.29.30133\include\xhash(418,20): error C3861: '_List': identifier not found
C:\Program Files (x86)\Microsoft Visual Studio\2019\Community\VC\Tools\MSVC\14.29.30133\include\xhash(422,34): error C3861: '_List': identifier not found
C:\Program Files (x86)\Microsoft Visual Studio\2019\Community\VC\Tools\MSVC\14.29.30133\include\xhash(424,17): error C3861: '_List': identifier not found
C:\Program Files (x86)\Microsoft Visual Studio\2019\Community\VC\Tools\MSVC\14.29.30133\include\xhash(438,9): error C3861: '_List': identifier not found
C:\Program Files (x86)\Microsoft Visual Studio\2019\Community\VC\Tools\MSVC\14.29.30133\include\xhash(462,16): error C3861: '_List': identifier not found
C:\Program Files (x86)\Microsoft Visual Studio\2019\Community\VC\Tools\MSVC\14.29.30133\include\xmemory(557,37): error C2825: '_Alloc': must be a class or namespace when followed by '::'
C:\Program Files (x86)\Microsoft Visual Studio\2019\Community\VC\Tools\MSVC\14.29.30133\include\xmemory(738): message : see reference to class template instantiation 'std::_Normal_allocator_traits<_Alloc>' being compiled
          with
          [
              _Alloc=std::_Hash<_Traits>::_Alnode
          ]
C:\Program Files (x86)\Microsoft Visual Studio\2019\Community\VC\Tools\MSVC\14.29.30133\include\xhash(493): message : see reference to class template instantiation 'std::allocator_traits<std::_Hash<_Traits>::_Alnode>' being compiled
C:\Program Files (x86)\Microsoft Visual Studio\2019\Community\VC\Tools\MSVC\14.29.30133\include\xhash(493): message : see reference to alias template instantiation 'std::_Rebind_alloc_t<std::_Hash<_Traits>::_Alnode,std::_Container_proxy>' being compiled
C:\Program Files (x86)\Microsoft Visual Studio\2019\Community\VC\Tools\MSVC\14.29.30133\include\xmemory(557,45): error C2510: '_Alloc': left of '::' must be a class/struct/union
C:\Program Files (x86)\Microsoft Visual Studio\2019\Community\VC\Tools\MSVC\14.29.30133\include\xmemory(557,1): error C2061: syntax error: identifier 'value_type'
C:\Program Files (x86)\Microsoft Visual Studio\2019\Community\VC\Tools\MSVC\14.29.30133\include\xmemory(348,27): error C2825: '_Ty': must be a class or namespace when followed by '::'
C:\Program Files (x86)\Microsoft Visual Studio\2019\Community\VC\Tools\MSVC\14.29.30133\include\xmemory(559): message : see reference to class template instantiation 'std::_Get_pointer_type<_Alloc,void>' being compiled
          with
          [
              _Alloc=std::_Hash<_Traits>::_Alnode
          ]
C:\Program Files (x86)\Microsoft Visual Studio\2019\Community\VC\Tools\MSVC\14.29.30133\include\xmemory(348,32): error C2510: '_Ty': left of '::' must be a class/struct/union
C:\Program Files (x86)\Microsoft Visual Studio\2019\Community\VC\Tools\MSVC\14.29.30133\include\xmemory(348,1): error C2061: syntax error: identifier 'value_type'
C:\Program Files (x86)\Microsoft Visual Studio\2019\Community\VC\Tools\MSVC\14.29.30133\include\xmemory(559,68): error C2039: 'type': is not a member of 'std::_Get_pointer_type<_Alloc,void>'
          with
          [
              _Alloc=std::_Hash<_Traits>::_Alnode
          ]
C:\Program Files (x86)\Microsoft Visual Studio\2019\Community\VC\Tools\MSVC\14.29.30133\include\xmemory(559): message : see declaration of 'std::_Get_pointer_type<_Alloc,void>'
          with
          [
              _Alloc=std::_Hash<_Traits>::_Alnode
          ]
C:\Program Files (x86)\Microsoft Visual Studio\2019\Community\VC\Tools\MSVC\14.29.30133\include\xmemory(559,1): error C2061: syntax error: identifier 'type'
C:\Program Files (x86)\Microsoft Visual Studio\2019\Community\VC\Tools\MSVC\14.29.30133\include\xmemory(361,53): error C2039: 'type': is not a member of 'std::_Get_pointer_type<_Alloc,void>'
          with
          [
              _Alloc=std::_Hash<_Traits>::_Alnode
          ]
C:\Program Files (x86)\Microsoft Visual Studio\2019\Community\VC\Tools\MSVC\14.29.30133\include\xmemory(559): message : see declaration of 'std::_Get_pointer_type<_Alloc,void>'
          with
          [
              _Alloc=std::_Hash<_Traits>::_Alnode
          ]
C:\Program Files (x86)\Microsoft Visual Studio\2019\Community\VC\Tools\MSVC\14.29.30133\include\xmemory(560): message : see reference to class template instantiation 'std::_Get_const_pointer_type<_Alloc,void>' being compiled
          with
          [
              _Alloc=std::_Hash<_Traits>::_Alnode
          ]
C:\Program Files (x86)\Microsoft Visual Studio\2019\Community\VC\Tools\MSVC\14.29.30133\include\xmemory(361,1): error C2061: syntax error: identifier 'type'
C:\Program Files (x86)\Microsoft Visual Studio\2019\Community\VC\Tools\MSVC\14.29.30133\include\xmemory(362,29): error C2825: '_Ty': must be a class or namespace when followed by '::'
C:\Program Files (x86)\Microsoft Visual Studio\2019\Community\VC\Tools\MSVC\14.29.30133\include\xmemory(362,34): error C2510: '_Ty': left of '::' must be a class/struct/union
C:\Program Files (x86)\Microsoft Visual Studio\2019\Community\VC\Tools\MSVC\14.29.30133\include\xmemory(362,1): error C2061: syntax error: identifier 'value_type'
C:\Program Files (x86)\Microsoft Visual Studio\2019\Community\VC\Tools\MSVC\14.29.30133\include\xmemory(363,44): error C2065: '_Ptrty': undeclared identifier
C:\Program Files (x86)\Microsoft Visual Studio\2019\Community\VC\Tools\MSVC\14.29.30133\include\xmemory(363,29): error C2923: 'std::pointer_traits': '_Ptrty' is not a valid template type argument for parameter '_Ty'
C:\Program Files (x86)\Microsoft Visual Studio\2019\Community\VC\Tools\MSVC\14.29.30133\include\xmemory(363): message : see declaration of '_Ptrty'
C:\Program Files (x86)\Microsoft Visual Studio\2019\Community\VC\Tools\MSVC\14.29.30133\include\xmemory(363,1): error C4430: missing type specifier - int assumed. Note: C++ does not support default-int
C:\Program Files (x86)\Microsoft Visual Studio\2019\Community\VC\Tools\MSVC\14.29.30133\include\xmemory(363,75): error C2146: syntax error: missing '>' before identifier '_Valty'
C:\Program Files (x86)\Microsoft Visual Studio\2019\Community\VC\Tools\MSVC\14.29.30133\include\xmemory(376,53): error C2039: 'type': is not a member of 'std::_Get_pointer_type<_Alloc,void>'
          with
          [
              _Alloc=std::_Hash<_Traits>::_Alnode
          ]
C:\Program Files (x86)\Microsoft Visual Studio\2019\Community\VC\Tools\MSVC\14.29.30133\include\xmemory(559): message : see declaration of 'std::_Get_pointer_type<_Alloc,void>'
          with
          [
              _Alloc=std::_Hash<_Traits>::_Alnode
          ]
C:\Program Files (x86)\Microsoft Visual Studio\2019\Community\VC\Tools\MSVC\14.29.30133\include\xmemory(561): message : see reference to class template instantiation 'std::_Get_void_pointer_type<_Alloc,void>' being compiled
          with
          [
              _Alloc=std::_Hash<_Traits>::_Alnode
          ]
C:\Program Files (x86)\Microsoft Visual Studio\2019\Community\VC\Tools\MSVC\14.29.30133\include\xmemory(376,1): error C2061: syntax error: identifier 'type'
C:\Program Files (x86)\Microsoft Visual Studio\2019\Community\VC\Tools\MSVC\14.29.30133\include\xmemory(377,44): error C2065: '_Ptrty': undeclared identifier
C:\Program Files (x86)\Microsoft Visual Studio\2019\Community\VC\Tools\MSVC\14.29.30133\include\xmemory(377,29): error C2923: 'std::pointer_traits': '_Ptrty' is not a valid template type argument for parameter '_Ty'
C:\Program Files (x86)\Microsoft Visual Studio\2019\Community\VC\Tools\MSVC\14.29.30133\include\xmemory(377): message : see declaration of '_Ptrty'
C:\Program Files (x86)\Microsoft Visual Studio\2019\Community\VC\Tools\MSVC\14.29.30133\include\xmemory(388,53): error C2039: 'type': is not a member of 'std::_Get_pointer_type<_Alloc,void>'
          with
          [
              _Alloc=std::_Hash<_Traits>::_Alnode
          ]
C:\Program Files (x86)\Microsoft Visual Studio\2019\Community\VC\Tools\MSVC\14.29.30133\include\xmemory(559): message : see declaration of 'std::_Get_pointer_type<_Alloc,void>'
          with
          [
              _Alloc=std::_Hash<_Traits>::_Alnode
          ]
C:\Program Files (x86)\Microsoft Visual Studio\2019\Community\VC\Tools\MSVC\14.29.30133\include\xmemory(562): message : see reference to class template instantiation 'std::_Get_const_void_pointer_type<_Alloc,void>' being compiled
          with
          [
              _Alloc=std::_Hash<_Traits>::_Alnode
          ]
C:\Program Files (x86)\Microsoft Visual Studio\2019\Community\VC\Tools\MSVC\14.29.30133\include\xmemory(388,1): error C2061: syntax error: identifier 'type'
C:\Program Files (x86)\Microsoft Visual Studio\2019\Community\VC\Tools\MSVC\14.29.30133\include\xmemory(389,44): error C2065: '_Ptrty': undeclared identifier
C:\Program Files (x86)\Microsoft Visual Studio\2019\Community\VC\Tools\MSVC\14.29.30133\include\xmemory(389,29): error C2923: 'std::pointer_traits': '_Ptrty' is not a valid template type argument for parameter '_Ty'
C:\Program Files (x86)\Microsoft Visual Studio\2019\Community\VC\Tools\MSVC\14.29.30133\include\xmemory(389): message : see declaration of '_Ptrty'
C:\Program Files (x86)\Microsoft Visual Studio\2019\Community\VC\Tools\MSVC\14.29.30133\include\xmemory(400,53): error C2039: 'type': is not a member of 'std::_Get_pointer_type<_Alloc,void>'
          with
          [
              _Alloc=std::_Hash<_Traits>::_Alnode
          ]
C:\Program Files (x86)\Microsoft Visual Studio\2019\Community\VC\Tools\MSVC\14.29.30133\include\xmemory(559): message : see declaration of 'std::_Get_pointer_type<_Alloc,void>'
          with
          [
              _Alloc=std::_Hash<_Traits>::_Alnode
          ]
C:\Program Files (x86)\Microsoft Visual Studio\2019\Community\VC\Tools\MSVC\14.29.30133\include\xmemory(412): message : see reference to class template instantiation 'std::_Get_difference_type<_Ty,void>' being compiled
          with
          [
              _Ty=std::_Hash<_Traits>::_Alnode
          ]
C:\Program Files (x86)\Microsoft Visual Studio\2019\Community\VC\Tools\MSVC\14.29.30133\include\xmemory(564): message : see reference to class template instantiation 'std::_Get_size_type<_Alloc,void>' being compiled
          with
          [
              _Alloc=std::_Hash<_Traits>::_Alnode
          ]
C:\Program Files (x86)\Microsoft Visual Studio\2019\Community\VC\Tools\MSVC\14.29.30133\include\xmemory(400,1): error C2061: syntax error: identifier 'type'
C:\Program Files (x86)\Microsoft Visual Studio\2019\Community\VC\Tools\MSVC\14.29.30133\include\xmemory(401,44): error C2065: '_Ptrty': undeclared identifier
C:\Program Files (x86)\Microsoft Visual Studio\2019\Community\VC\Tools\MSVC\14.29.30133\include\xmemory(401,29): error C2923: 'std::pointer_traits': '_Ptrty' is not a valid template type argument for parameter '_Ty'
C:\Program Files (x86)\Microsoft Visual Studio\2019\Community\VC\Tools\MSVC\14.29.30133\include\xmemory(401): message : see declaration of '_Ptrty'
C:\Program Files (x86)\Microsoft Visual Studio\2019\Community\VC\Tools\MSVC\14.29.30133\include\xmemory(401,53): error C2955: 'std::pointer_traits': use of class template requires template argument list
C:\Program Files (x86)\Microsoft Visual Studio\2019\Community\VC\Tools\MSVC\14.29.30133\include\xutility(170): message : see declaration of 'std::pointer_traits'
C:\Program Files (x86)\Microsoft Visual Studio\2019\Community\VC\Tools\MSVC\14.29.30133\include\xmemory(579,9): error C3646: 'allocate': unknown override specifier
C:\Program Files (x86)\Microsoft Visual Studio\2019\Community\VC\Tools\MSVC\14.29.30133\include\xmemory(579,26): error C2065: '_Al': undeclared identifier
C:\Program Files (x86)\Microsoft Visual Studio\2019\Community\VC\Tools\MSVC\14.29.30133\include\xmemory(579,18): error C2275: '_Alloc': illegal use of this type as an expression
C:\Program Files (x86)\Microsoft Visual Studio\2019\Community\VC\Tools\MSVC\14.29.30133\include\xmemory(579,31): error C2226: syntax error: unexpected type 'std::_Normal_allocator_traits<_Alloc>::size_type'
          with
          [
              _Alloc=std::_Hash<_Traits>::_Alnode
          ]
C:\Program Files (x86)\Microsoft Visual Studio\2019\Community\VC\Tools\MSVC\14.29.30133\include\xmemory(579,1): error C2334: unexpected token(s) preceding '{'; skipping apparent function body
C:\Program Files (x86)\Microsoft Visual Studio\2019\Community\VC\Tools\MSVC\14.29.30133\include\xmemory(584,9): error C3646: 'allocate': unknown override specifier
C:\Program Files (x86)\Microsoft Visual Studio\2019\Community\VC\Tools\MSVC\14.29.30133\include\xmemory(584,1): fatal error C1003: error count exceeds 100; stopping compilation
  Renderer.cpp
C:\Users\Donc3 Kebabas\Documents\GitHub\OpenGLYoutube\OpenGLYoutube\src\Shader.h(1,1): error C2059: syntax error: '-'
C:\Users\Donc3 Kebabas\Documents\GitHub\OpenGLYoutube\OpenGLYoutube\src\Shader.h(1,2): error C2014: preprocessor command must start as first nonwhite space
C:\Program Files (x86)\Microsoft Visual Studio\2019\Community\VC\Tools\MSVC\14.29.30133\include\sal.h(2361,12): error C2143: syntax error: missing ';' before '{'
C:\Program Files (x86)\Microsoft Visual Studio\2019\Community\VC\Tools\MSVC\14.29.30133\include\sal.h(2361,12): error C2447: '{': missing function header (old-style formal list?)
  Shader.cpp
C:\Users\Donc3 Kebabas\Documents\GitHub\OpenGLYoutube\OpenGLYoutube\src\Shader.h(1,1): error C2059: syntax error: '-'
C:\Users\Donc3 Kebabas\Documents\GitHub\OpenGLYoutube\OpenGLYoutube\src\Shader.h(1,2): error C2014: preprocessor command must start as first nonwhite space
C:\Program Files (x86)\Microsoft Visual Studio\2019\Community\VC\Tools\MSVC\14.29.30133\include\sal.h(2361,12): error C2143: syntax error: missing ';' before '{'
C:\Program Files (x86)\Microsoft Visual Studio\2019\Community\VC\Tools\MSVC\14.29.30133\include\sal.h(2361,12): error C2447: '{': missing function header (old-style formal list?)
  Texture.cpp
C:\Users\Donc3 Kebabas\Documents\GitHub\OpenGLYoutube\OpenGLYoutube\src\Shader.h(1,1): error C2059: syntax error: '-'
C:\Users\Donc3 Kebabas\Documents\GitHub\OpenGLYoutube\OpenGLYoutube\src\Shader.h(1,2): error C2014: preprocessor command must start as first nonwhite space
C:\Program Files (x86)\Microsoft Visual Studio\2019\Community\VC\Tools\MSVC\14.29.30133\include\sal.h(2361,12): error C2143: syntax error: missing ';' before '{'
C:\Program Files (x86)\Microsoft Visual Studio\2019\Community\VC\Tools\MSVC\14.29.30133\include\sal.h(2361,12): error C2447: '{': missing function header (old-style formal list?)
  TestClearColor.cpp
C:\Users\Donc3 Kebabas\Documents\GitHub\OpenGLYoutube\OpenGLYoutube\src\Shader.h(1,1): error C2059: syntax error: '-'
C:\Users\Donc3 Kebabas\Documents\GitHub\OpenGLYoutube\OpenGLYoutube\src\Shader.h(1,2): error C2014: preprocessor command must start as first nonwhite space
C:\Program Files (x86)\Microsoft Visual Studio\2019\Community\VC\Tools\MSVC\14.29.30133\include\list(24,1): error C2143: syntax error: missing ';' before '{'
C:\Program Files (x86)\Microsoft Visual Studio\2019\Community\VC\Tools\MSVC\14.29.30133\include\list(24,1): error C2447: '{': missing function header (old-style formal list?)
C:\Program Files (x86)\Microsoft Visual Studio\2019\Community\VC\Tools\MSVC\14.29.30133\include\xhash(222,45): error C2061: syntax error: identifier '_List_val'
C:\Program Files (x86)\Microsoft Visual Studio\2019\Community\VC\Tools\MSVC\14.29.30133\include\xhash(239): message : see reference to class template instantiation 'std::_List_head_construct_ptr<_Alnode>' being compiled
C:\Program Files (x86)\Microsoft Visual Studio\2019\Community\VC\Tools\MSVC\14.29.30133\include\xhash(224,9): error C3861: '_Mycont': identifier not found
C:\Program Files (x86)\Microsoft Visual Studio\2019\Community\VC\Tools\MSVC\14.29.30133\include\xhash(222,5): message : This diagnostic occurred in the compiler generated function 'std::_List_head_construct_ptr<_Alnode>::_List_head_construct_ptr(_Alnode &)'
C:\Program Files (x86)\Microsoft Visual Studio\2019\Community\VC\Tools\MSVC\14.29.30133\include\xhash(327,33): error C2061: syntax error: identifier 'list'
C:\Program Files (x86)\Microsoft Visual Studio\2019\Community\VC\Tools\MSVC\14.29.30133\include\xhash(1938): message : see reference to class template instantiation 'std::_Hash<_Traits>' being compiled
C:\Program Files (x86)\Microsoft Visual Studio\2019\Community\VC\Tools\MSVC\14.29.30133\include\xhash(328,42): error C2653: '_Mylist': is not a class or namespace name
C:\Program Files (x86)\Microsoft Visual Studio\2019\Community\VC\Tools\MSVC\14.29.30133\include\xhash(328,51): error C2146: syntax error: missing ';' before identifier '_Alnode'
C:\Program Files (x86)\Microsoft Visual Studio\2019\Community\VC\Tools\MSVC\14.29.30133\include\xhash(328,1): error C4430: missing type specifier - int assumed. Note: C++ does not support default-int
C:\Program Files (x86)\Microsoft Visual Studio\2019\Community\VC\Tools\MSVC\14.29.30133\include\xhash(328,1): error C2868: 'std::_Hash<_Traits>::_Alnode': ill-formed using-declaration; expected a qualified-name
C:\Program Files (x86)\Microsoft Visual Studio\2019\Community\VC\Tools\MSVC\14.29.30133\include\xhash(329,42): error C2653: '_Mylist': is not a class or namespace name
C:\Program Files (x86)\Microsoft Visual Studio\2019\Community\VC\Tools\MSVC\14.29.30133\include\xhash(329,51): error C2146: syntax error: missing ';' before identifier '_Alnode_traits'
C:\Program Files (x86)\Microsoft Visual Studio\2019\Community\VC\Tools\MSVC\14.29.30133\include\xhash(329,1): error C4430: missing type specifier - int assumed. Note: C++ does not support default-int
C:\Program Files (x86)\Microsoft Visual Studio\2019\Community\VC\Tools\MSVC\14.29.30133\include\xhash(329,1): error C2868: 'std::_Hash<_Traits>::_Alnode_traits': ill-formed using-declaration; expected a qualified-name
C:\Program Files (x86)\Microsoft Visual Studio\2019\Community\VC\Tools\MSVC\14.29.30133\include\xhash(330,42): error C2653: '_Mylist': is not a class or namespace name
C:\Program Files (x86)\Microsoft Visual Studio\2019\Community\VC\Tools\MSVC\14.29.30133\include\xhash(330,51): error C2146: syntax error: missing ';' before identifier '_Node'
C:\Program Files (x86)\Microsoft Visual Studio\2019\Community\VC\Tools\MSVC\14.29.30133\include\xhash(330,1): error C4430: missing type specifier - int assumed. Note: C++ does not support default-int
C:\Program Files (x86)\Microsoft Visual Studio\2019\Community\VC\Tools\MSVC\14.29.30133\include\xhash(330,1): error C2868: 'std::_Hash<_Traits>::_Node': ill-formed using-declaration; expected a qualified-name
C:\Program Files (x86)\Microsoft Visual Studio\2019\Community\VC\Tools\MSVC\14.29.30133\include\xhash(331,42): error C2653: '_Mylist': is not a class or namespace name
C:\Program Files (x86)\Microsoft Visual Studio\2019\Community\VC\Tools\MSVC\14.29.30133\include\xhash(331,51): error C2146: syntax error: missing ';' before identifier '_Nodeptr'
C:\Program Files (x86)\Microsoft Visual Studio\2019\Community\VC\Tools\MSVC\14.29.30133\include\xhash(331,1): error C4430: missing type specifier - int assumed. Note: C++ does not support default-int
C:\Program Files (x86)\Microsoft Visual Studio\2019\Community\VC\Tools\MSVC\14.29.30133\include\xhash(331,1): error C2868: 'std::_Hash<_Traits>::_Nodeptr': ill-formed using-declaration; expected a qualified-name
C:\Program Files (x86)\Microsoft Visual Studio\2019\Community\VC\Tools\MSVC\14.29.30133\include\xhash(340,38): error C2653: '_Mylist': is not a class or namespace name
C:\Program Files (x86)\Microsoft Visual Studio\2019\Community\VC\Tools\MSVC\14.29.30133\include\xhash(340,47): error C2146: syntax error: missing ';' before identifier 'value_type'
C:\Program Files (x86)\Microsoft Visual Studio\2019\Community\VC\Tools\MSVC\14.29.30133\include\xhash(340,1): error C4430: missing type specifier - int assumed. Note: C++ does not support default-int
C:\Program Files (x86)\Microsoft Visual Studio\2019\Community\VC\Tools\MSVC\14.29.30133\include\xhash(340,1): error C2868: 'std::_Hash<_Traits>::value_type': ill-formed using-declaration; expected a qualified-name
C:\Program Files (x86)\Microsoft Visual Studio\2019\Community\VC\Tools\MSVC\14.29.30133\include\xhash(341,38): error C2653: '_Mylist': is not a class or namespace name
C:\Program Files (x86)\Microsoft Visual Studio\2019\Community\VC\Tools\MSVC\14.29.30133\include\xhash(341,47): error C2146: syntax error: missing ';' before identifier 'allocator_type'
C:\Program Files (x86)\Microsoft Visual Studio\2019\Community\VC\Tools\MSVC\14.29.30133\include\xhash(341,1): error C4430: missing type specifier - int assumed. Note: C++ does not support default-int
C:\Program Files (x86)\Microsoft Visual Studio\2019\Community\VC\Tools\MSVC\14.29.30133\include\xhash(341,1): error C2868: 'std::_Hash<_Traits>::allocator_type': ill-formed using-declaration; expected a qualified-name
C:\Program Files (x86)\Microsoft Visual Studio\2019\Community\VC\Tools\MSVC\14.29.30133\include\xhash(342,38): error C2653: '_Mylist': is not a class or namespace name
C:\Program Files (x86)\Microsoft Visual Studio\2019\Community\VC\Tools\MSVC\14.29.30133\include\xhash(342,47): error C2146: syntax error: missing ';' before identifier 'size_type'
C:\Program Files (x86)\Microsoft Visual Studio\2019\Community\VC\Tools\MSVC\14.29.30133\include\xhash(342,1): error C4430: missing type specifier - int assumed. Note: C++ does not support default-int
C:\Program Files (x86)\Microsoft Visual Studio\2019\Community\VC\Tools\MSVC\14.29.30133\include\xhash(342,1): error C2868: 'std::_Hash<_Traits>::size_type': ill-formed using-declaration; expected a qualified-name
C:\Program Files (x86)\Microsoft Visual Studio\2019\Community\VC\Tools\MSVC\14.29.30133\include\xhash(343,38): error C2653: '_Mylist': is not a class or namespace name
C:\Program Files (x86)\Microsoft Visual Studio\2019\Community\VC\Tools\MSVC\14.29.30133\include\xhash(343,47): error C2146: syntax error: missing ';' before identifier 'difference_type'
C:\Program Files (x86)\Microsoft Visual Studio\2019\Community\VC\Tools\MSVC\14.29.30133\include\xhash(343,1): error C4430: missing type specifier - int assumed. Note: C++ does not support default-int
C:\Program Files (x86)\Microsoft Visual Studio\2019\Community\VC\Tools\MSVC\14.29.30133\include\xhash(343,1): error C2868: 'std::_Hash<_Traits>::difference_type': ill-formed using-declaration; expected a qualified-name
C:\Program Files (x86)\Microsoft Visual Studio\2019\Community\VC\Tools\MSVC\14.29.30133\include\xhash(344,38): error C2653: '_Mylist': is not a class or namespace name
C:\Program Files (x86)\Microsoft Visual Studio\2019\Community\VC\Tools\MSVC\14.29.30133\include\xhash(344,47): error C2146: syntax error: missing ';' before identifier 'pointer'
C:\Program Files (x86)\Microsoft Visual Studio\2019\Community\VC\Tools\MSVC\14.29.30133\include\xhash(344,1): error C4430: missing type specifier - int assumed. Note: C++ does not support default-int
C:\Program Files (x86)\Microsoft Visual Studio\2019\Community\VC\Tools\MSVC\14.29.30133\include\xhash(344,1): error C2868: 'std::_Hash<_Traits>::pointer': ill-formed using-declaration; expected a qualified-name
C:\Program Files (x86)\Microsoft Visual Studio\2019\Community\VC\Tools\MSVC\14.29.30133\include\xhash(345,38): error C2653: '_Mylist': is not a class or namespace name
C:\Program Files (x86)\Microsoft Visual Studio\2019\Community\VC\Tools\MSVC\14.29.30133\include\xhash(345,47): error C2146: syntax error: missing ';' before identifier 'const_pointer'
C:\Program Files (x86)\Microsoft Visual Studio\2019\Community\VC\Tools\MSVC\14.29.30133\include\xhash(345,1): error C4430: missing type specifier - int assumed. Note: C++ does not support default-int
C:\Program Files (x86)\Microsoft Visual Studio\2019\Community\VC\Tools\MSVC\14.29.30133\include\xhash(345,1): error C2868: 'std::_Hash<_Traits>::const_pointer': ill-formed using-declaration; expected a qualified-name
C:\Program Files (x86)\Microsoft Visual Studio\2019\Community\VC\Tools\MSVC\14.29.30133\include\xhash(350,65): error C2653: '_Mylist': is not a class or namespace name
C:\Program Files (x86)\Microsoft Visual Studio\2019\Community\VC\Tools\MSVC\14.29.30133\include\xhash(350,74): error C2146: syntax error: missing '>' before identifier 'const_iterator'
C:\Program Files (x86)\Microsoft Visual Studio\2019\Community\VC\Tools\MSVC\14.29.30133\include\xhash(350,99): error C2653: '_Mylist': is not a class or namespace name
C:\Program Files (x86)\Microsoft Visual Studio\2019\Community\VC\Tools\MSVC\14.29.30133\include\xhash(351,37): error C2653: '_Mylist': is not a class or namespace name
C:\Program Files (x86)\Microsoft Visual Studio\2019\Community\VC\Tools\MSVC\14.29.30133\include\xhash(351,46): error C2146: syntax error: missing ';' before identifier 'const_iterator'
C:\Program Files (x86)\Microsoft Visual Studio\2019\Community\VC\Tools\MSVC\14.29.30133\include\xhash(351,1): error C4430: missing type specifier - int assumed. Note: C++ does not support default-int
C:\Program Files (x86)\Microsoft Visual Studio\2019\Community\VC\Tools\MSVC\14.29.30133\include\xhash(351,1): error C2868: 'std::_Hash<_Traits>::const_iterator': ill-formed using-declaration; expected a qualified-name
C:\Program Files (x86)\Microsoft Visual Studio\2019\Community\VC\Tools\MSVC\14.29.30133\include\xhash(354,18): error C2653: '_Mylist': is not a class or namespace name
C:\Program Files (x86)\Microsoft Visual Studio\2019\Community\VC\Tools\MSVC\14.29.30133\include\xhash(354,27): error C2146: syntax error: missing '>' before identifier '_Unchecked_const_iterator'
C:\Program Files (x86)\Microsoft Visual Studio\2019\Community\VC\Tools\MSVC\14.29.30133\include\xhash(354,63): error C2653: '_Mylist': is not a class or namespace name
C:\Program Files (x86)\Microsoft Visual Studio\2019\Community\VC\Tools\MSVC\14.29.30133\include\xhash(355,48): error C2653: '_Mylist': is not a class or namespace name
C:\Program Files (x86)\Microsoft Visual Studio\2019\Community\VC\Tools\MSVC\14.29.30133\include\xhash(355,57): error C2146: syntax error: missing ';' before identifier '_Unchecked_const_iterator'
C:\Program Files (x86)\Microsoft Visual Studio\2019\Community\VC\Tools\MSVC\14.29.30133\include\xhash(355,1): error C4430: missing type specifier - int assumed. Note: C++ does not support default-int
C:\Program Files (x86)\Microsoft Visual Studio\2019\Community\VC\Tools\MSVC\14.29.30133\include\xhash(355,1): error C2868: 'std::_Hash<_Traits>::_Unchecked_const_iterator': ill-formed using-declaration; expected a qualified-name
C:\Program Files (x86)\Microsoft Visual Studio\2019\Community\VC\Tools\MSVC\14.29.30133\include\xhash(958,23): error C2061: syntax error: identifier '_Mylist'
C:\Program Files (x86)\Microsoft Visual Studio\2019\Community\VC\Tools\MSVC\14.29.30133\include\xhash(966): message : see reference to class template instantiation 'std::_Hash<_Traits>::_Range_eraser' being compiled
C:\Program Files (x86)\Microsoft Visual Studio\2019\Community\VC\Tools\MSVC\14.29.30133\include\xhash(969,16): error C2143: syntax error: missing ';' before '&'
C:\Program Files (x86)\Microsoft Visual Studio\2019\Community\VC\Tools\MSVC\14.29.30133\include\xhash(969,1): error C4430: missing type specifier - int assumed. Note: C++ does not support default-int
C:\Program Files (x86)\Microsoft Visual Studio\2019\Community\VC\Tools\MSVC\14.29.30133\include\xhash(969,1): error C2238: unexpected token(s) preceding ';'
C:\Program Files (x86)\Microsoft Visual Studio\2019\Community\VC\Tools\MSVC\14.29.30133\include\xhash(1932,13): error C3646: '_List': unknown override specifier
C:\Program Files (x86)\Microsoft Visual Studio\2019\Community\VC\Tools\MSVC\14.29.30133\include\xhash(1932,1): error C4430: missing type specifier - int assumed. Note: C++ does not support default-int
C:\Program Files (x86)\Microsoft Visual Studio\2019\Community\VC\Tools\MSVC\14.29.30133\include\xhash(368,30): error C3861: '_List': identifier not found
C:\Program Files (x86)\Microsoft Visual Studio\2019\Community\VC\Tools\MSVC\14.29.30133\include\xhash(371,45): error C3861: '_List': identifier not found
C:\Program Files (x86)\Microsoft Visual Studio\2019\Community\VC\Tools\MSVC\14.29.30133\include\xhash(379,42): error C3861: '_List': identifier not found
C:\Program Files (x86)\Microsoft Visual Studio\2019\Community\VC\Tools\MSVC\14.29.30133\include\xhash(378,5): message : This diagnostic occurred in the compiler generated function 'std::_Hash<_Traits>::_Hash(const std::_Hash<_Traits> &,const _Any_alloc &)'
C:\Program Files (x86)\Microsoft Visual Studio\2019\Community\VC\Tools\MSVC\14.29.30133\include\xhash(382,47): error C3861: '_List': identifier not found
C:\Program Files (x86)\Microsoft Visual Studio\2019\Community\VC\Tools\MSVC\14.29.30133\include\xhash(378,5): message : This diagnostic occurred in the compiler generated function 'std::_Hash<_Traits>::_Hash(const std::_Hash<_Traits> &,const _Any_alloc &)'
C:\Program Files (x86)\Microsoft Visual Studio\2019\Community\VC\Tools\MSVC\14.29.30133\include\xhash(391,42): error C3861: '_List': identifier not found
C:\Program Files (x86)\Microsoft Visual Studio\2019\Community\VC\Tools\MSVC\14.29.30133\include\xhash(394,9): error C3861: '_List': identifier not found
C:\Program Files (x86)\Microsoft Visual Studio\2019\Community\VC\Tools\MSVC\14.29.30133\include\xhash(407,9): error C3861: '_List': identifier not found
C:\Program Files (x86)\Microsoft Visual Studio\2019\Community\VC\Tools\MSVC\14.29.30133\include\xhash(414,87): error C3861: '_List': identifier not found
C:\Program Files (x86)\Microsoft Visual Studio\2019\Community\VC\Tools\MSVC\14.29.30133\include\xhash(418,20): error C3861: '_List': identifier not found
C:\Program Files (x86)\Microsoft Visual Studio\2019\Community\VC\Tools\MSVC\14.29.30133\include\xhash(422,34): error C3861: '_List': identifier not found
C:\Program Files (x86)\Microsoft Visual Studio\2019\Community\VC\Tools\MSVC\14.29.30133\include\xhash(424,17): error C3861: '_List': identifier not found
C:\Program Files (x86)\Microsoft Visual Studio\2019\Community\VC\Tools\MSVC\14.29.30133\include\xhash(438,9): error C3861: '_List': identifier not found
C:\Program Files (x86)\Microsoft Visual Studio\2019\Community\VC\Tools\MSVC\14.29.30133\include\xhash(462,16): error C3861: '_List': identifier not found
C:\Program Files (x86)\Microsoft Visual Studio\2019\Community\VC\Tools\MSVC\14.29.30133\include\xmemory(557,37): error C2825: '_Alloc': must be a class or namespace when followed by '::'
C:\Program Files (x86)\Microsoft Visual Studio\2019\Community\VC\Tools\MSVC\14.29.30133\include\xmemory(738): message : see reference to class template instantiation 'std::_Normal_allocator_traits<_Alloc>' being compiled
          with
          [
              _Alloc=std::_Hash<_Traits>::_Alnode
          ]
C:\Program Files (x86)\Microsoft Visual Studio\2019\Community\VC\Tools\MSVC\14.29.30133\include\xhash(493): message : see reference to class template instantiation 'std::allocator_traits<std::_Hash<_Traits>::_Alnode>' being compiled
C:\Program Files (x86)\Microsoft Visual Studio\2019\Community\VC\Tools\MSVC\14.29.30133\include\xhash(493): message : see reference to alias template instantiation 'std::_Rebind_alloc_t<std::_Hash<_Traits>::_Alnode,std::_Container_proxy>' being compiled
C:\Program Files (x86)\Microsoft Visual Studio\2019\Community\VC\Tools\MSVC\14.29.30133\include\xmemory(557,45): error C2510: '_Alloc': left of '::' must be a class/struct/union
C:\Program Files (x86)\Microsoft Visual Studio\2019\Community\VC\Tools\MSVC\14.29.30133\include\xmemory(557,1): error C2061: syntax error: identifier 'value_type'
C:\Program Files (x86)\Microsoft Visual Studio\2019\Community\VC\Tools\MSVC\14.29.30133\include\xmemory(348,27): error C2825: '_Ty': must be a class or namespace when followed by '::'
C:\Program Files (x86)\Microsoft Visual Studio\2019\Community\VC\Tools\MSVC\14.29.30133\include\xmemory(559): message : see reference to class template instantiation 'std::_Get_pointer_type<_Alloc,void>' being compiled
          with
          [
              _Alloc=std::_Hash<_Traits>::_Alnode
          ]
C:\Program Files (x86)\Microsoft Visual Studio\2019\Community\VC\Tools\MSVC\14.29.30133\include\xmemory(348,32): error C2510: '_Ty': left of '::' must be a class/struct/union
C:\Program Files (x86)\Microsoft Visual Studio\2019\Community\VC\Tools\MSVC\14.29.30133\include\xmemory(348,1): error C2061: syntax error: identifier 'value_type'
C:\Program Files (x86)\Microsoft Visual Studio\2019\Community\VC\Tools\MSVC\14.29.30133\include\xmemory(559,68): error C2039: 'type': is not a member of 'std::_Get_pointer_type<_Alloc,void>'
          with
          [
              _Alloc=std::_Hash<_Traits>::_Alnode
          ]
C:\Program Files (x86)\Microsoft Visual Studio\2019\Community\VC\Tools\MSVC\14.29.30133\include\xmemory(559): message : see declaration of 'std::_Get_pointer_type<_Alloc,void>'
          with
          [
              _Alloc=std::_Hash<_Traits>::_Alnode
          ]
C:\Program Files (x86)\Microsoft Visual Studio\2019\Community\VC\Tools\MSVC\14.29.30133\include\xmemory(559,1): error C2061: syntax error: identifier 'type'
C:\Program Files (x86)\Microsoft Visual Studio\2019\Community\VC\Tools\MSVC\14.29.30133\include\xmemory(361,53): error C2039: 'type': is not a member of 'std::_Get_pointer_type<_Alloc,void>'
          with
          [
              _Alloc=std::_Hash<_Traits>::_Alnode
          ]
C:\Program Files (x86)\Microsoft Visual Studio\2019\Community\VC\Tools\MSVC\14.29.30133\include\xmemory(559): message : see declaration of 'std::_Get_pointer_type<_Alloc,void>'
          with
          [
              _Alloc=std::_Hash<_Traits>::_Alnode
          ]
C:\Program Files (x86)\Microsoft Visual Studio\2019\Community\VC\Tools\MSVC\14.29.30133\include\xmemory(560): message : see reference to class template instantiation 'std::_Get_const_pointer_type<_Alloc,void>' being compiled
          with
          [
              _Alloc=std::_Hash<_Traits>::_Alnode
          ]
C:\Program Files (x86)\Microsoft Visual Studio\2019\Community\VC\Tools\MSVC\14.29.30133\include\xmemory(361,1): error C2061: syntax error: identifier 'type'
C:\Program Files (x86)\Microsoft Visual Studio\2019\Community\VC\Tools\MSVC\14.29.30133\include\xmemory(362,29): error C2825: '_Ty': must be a class or namespace when followed by '::'
C:\Program Files (x86)\Microsoft Visual Studio\2019\Community\VC\Tools\MSVC\14.29.30133\include\xmemory(362,34): error C2510: '_Ty': left of '::' must be a class/struct/union
C:\Program Files (x86)\Microsoft Visual Studio\2019\Community\VC\Tools\MSVC\14.29.30133\include\xmemory(362,1): error C2061: syntax error: identifier 'value_type'
C:\Program Files (x86)\Microsoft Visual Studio\2019\Community\VC\Tools\MSVC\14.29.30133\include\xmemory(363,44): error C2065: '_Ptrty': undeclared identifier
C:\Program Files (x86)\Microsoft Visual Studio\2019\Community\VC\Tools\MSVC\14.29.30133\include\xmemory(363,29): error C2923: 'std::pointer_traits': '_Ptrty' is not a valid template type argument for parameter '_Ty'
C:\Program Files (x86)\Microsoft Visual Studio\2019\Community\VC\Tools\MSVC\14.29.30133\include\xmemory(363): message : see declaration of '_Ptrty'
C:\Program Files (x86)\Microsoft Visual Studio\2019\Community\VC\Tools\MSVC\14.29.30133\include\xmemory(363,1): error C4430: missing type specifier - int assumed. Note: C++ does not support default-int
C:\Program Files (x86)\Microsoft Visual Studio\2019\Community\VC\Tools\MSVC\14.29.30133\include\xmemory(363,75): error C2146: syntax error: missing '>' before identifier '_Valty'
C:\Program Files (x86)\Microsoft Visual Studio\2019\Community\VC\Tools\MSVC\14.29.30133\include\xmemory(376,53): error C2039: 'type': is not a member of 'std::_Get_pointer_type<_Alloc,void>'
          with
          [
              _Alloc=std::_Hash<_Traits>::_Alnode
          ]
C:\Program Files (x86)\Microsoft Visual Studio\2019\Community\VC\Tools\MSVC\14.29.30133\include\xmemory(559): message : see declaration of 'std::_Get_pointer_type<_Alloc,void>'
          with
          [
              _Alloc=std::_Hash<_Traits>::_Alnode
          ]
C:\Program Files (x86)\Microsoft Visual Studio\2019\Community\VC\Tools\MSVC\14.29.30133\include\xmemory(561): message : see reference to class template instantiation 'std::_Get_void_pointer_type<_Alloc,void>' being compiled
          with
          [
              _Alloc=std::_Hash<_Traits>::_Alnode
          ]
C:\Program Files (x86)\Microsoft Visual Studio\2019\Community\VC\Tools\MSVC\14.29.30133\include\xmemory(376,1): error C2061: syntax error: identifier 'type'
C:\Program Files (x86)\Microsoft Visual Studio\2019\Community\VC\Tools\MSVC\14.29.30133\include\xmemory(377,44): error C2065: '_Ptrty': undeclared identifier
C:\Program Files (x86)\Microsoft Visual Studio\2019\Community\VC\Tools\MSVC\14.29.30133\include\xmemory(377,29): error C2923: 'std::pointer_traits': '_Ptrty' is not a valid template type argument for parameter '_Ty'
C:\Program Files (x86)\Microsoft Visual Studio\2019\Community\VC\Tools\MSVC\14.29.30133\include\xmemory(377): message : see declaration of '_Ptrty'
C:\Program Files (x86)\Microsoft Visual Studio\2019\Community\VC\Tools\MSVC\14.29.30133\include\xmemory(388,53): error C2039: 'type': is not a member of 'std::_Get_pointer_type<_Alloc,void>'
          with
          [
              _Alloc=std::_Hash<_Traits>::_Alnode
          ]
C:\Program Files (x86)\Microsoft Visual Studio\2019\Community\VC\Tools\MSVC\14.29.30133\include\xmemory(559): message : see declaration of 'std::_Get_pointer_type<_Alloc,void>'
          with
          [
              _Alloc=std::_Hash<_Traits>::_Alnode
          ]
C:\Program Files (x86)\Microsoft Visual Studio\2019\Community\VC\Tools\MSVC\14.29.30133\include\xmemory(562): message : see reference to class template instantiation 'std::_Get_const_void_pointer_type<_Alloc,void>' being compiled
          with
          [
              _Alloc=std::_Hash<_Traits>::_Alnode
          ]
C:\Program Files (x86)\Microsoft Visual Studio\2019\Community\VC\Tools\MSVC\14.29.30133\include\xmemory(388,1): error C2061: syntax error: identifier 'type'
C:\Program Files (x86)\Microsoft Visual Studio\2019\Community\VC\Tools\MSVC\14.29.30133\include\xmemory(389,44): error C2065: '_Ptrty': undeclared identifier
C:\Program Files (x86)\Microsoft Visual Studio\2019\Community\VC\Tools\MSVC\14.29.30133\include\xmemory(389,29): error C2923: 'std::pointer_traits': '_Ptrty' is not a valid template type argument for parameter '_Ty'
C:\Program Files (x86)\Microsoft Visual Studio\2019\Community\VC\Tools\MSVC\14.29.30133\include\xmemory(389): message : see declaration of '_Ptrty'
C:\Program Files (x86)\Microsoft Visual Studio\2019\Community\VC\Tools\MSVC\14.29.30133\include\xmemory(400,53): error C2039: 'type': is not a member of 'std::_Get_pointer_type<_Alloc,void>'
          with
          [
              _Alloc=std::_Hash<_Traits>::_Alnode
          ]
C:\Program Files (x86)\Microsoft Visual Studio\2019\Community\VC\Tools\MSVC\14.29.30133\include\xmemory(559): message : see declaration of 'std::_Get_pointer_type<_Alloc,void>'
          with
          [
              _Alloc=std::_Hash<_Traits>::_Alnode
          ]
C:\Program Files (x86)\Microsoft Visual Studio\2019\Community\VC\Tools\MSVC\14.29.30133\include\xmemory(412): message : see reference to class template instantiation 'std::_Get_difference_type<_Ty,void>' being compiled
          with
          [
              _Ty=std::_Hash<_Traits>::_Alnode
          ]
C:\Program Files (x86)\Microsoft Visual Studio\2019\Community\VC\Tools\MSVC\14.29.30133\include\xmemory(564): message : see reference to class template instantiation 'std::_Get_size_type<_Alloc,void>' being compiled
          with
          [
              _Alloc=std::_Hash<_Traits>::_Alnode
          ]
C:\Program Files (x86)\Microsoft Visual Studio\2019\Community\VC\Tools\MSVC\14.29.30133\include\xmemory(400,1): error C2061: syntax error: identifier 'type'
C:\Program Files (x86)\Microsoft Visual Studio\2019\Community\VC\Tools\MSVC\14.29.30133\include\xmemory(401,44): error C2065: '_Ptrty': undeclared identifier
C:\Program Files (x86)\Microsoft Visual Studio\2019\Community\VC\Tools\MSVC\14.29.30133\include\xmemory(401,29): error C2923: 'std::pointer_traits': '_Ptrty' is not a valid template type argument for parameter '_Ty'
C:\Program Files (x86)\Microsoft Visual Studio\2019\Community\VC\Tools\MSVC\14.29.30133\include\xmemory(401): message : see declaration of '_Ptrty'
C:\Program Files (x86)\Microsoft Visual Studio\2019\Community\VC\Tools\MSVC\14.29.30133\include\xmemory(401,53): error C2955: 'std::pointer_traits': use of class template requires template argument list
C:\Program Files (x86)\Microsoft Visual Studio\2019\Community\VC\Tools\MSVC\14.29.30133\include\xutility(170): message : see declaration of 'std::pointer_traits'
C:\Program Files (x86)\Microsoft Visual Studio\2019\Community\VC\Tools\MSVC\14.29.30133\include\xmemory(579,9): error C3646: 'allocate': unknown override specifier
C:\Program Files (x86)\Microsoft Visual Studio\2019\Community\VC\Tools\MSVC\14.29.30133\include\xmemory(579,26): error C2065: '_Al': undeclared identifier
C:\Program Files (x86)\Microsoft Visual Studio\2019\Community\VC\Tools\MSVC\14.29.30133\include\xmemory(579,18): error C2275: '_Alloc': illegal use of this type as an expression
C:\Program Files (x86)\Microsoft Visual Studio\2019\Community\VC\Tools\MSVC\14.29.30133\include\xmemory(579,31): error C2226: syntax error: unexpected type 'std::_Normal_allocator_traits<_Alloc>::size_type'
          with
          [
              _Alloc=std::_Hash<_Traits>::_Alnode
          ]
C:\Program Files (x86)\Microsoft Visual Studio\2019\Community\VC\Tools\MSVC\14.29.30133\include\xmemory(579,1): error C2334: unexpected token(s) preceding '{'; skipping apparent function body
C:\Program Files (x86)\Microsoft Visual Studio\2019\Community\VC\Tools\MSVC\14.29.30133\include\xmemory(584,9): error C3646: 'allocate': unknown override specifier
C:\Program Files (x86)\Microsoft Visual Studio\2019\Community\VC\Tools\MSVC\14.29.30133\include\xmemory(584,1): fatal error C1003: error count exceeds 100; stopping compilation
  TestTexture2D.cpp
C:\Users\Donc3 Kebabas\Documents\GitHub\OpenGLYoutube\OpenGLYoutube\src\Shader.h(1,1): error C2059: syntax error: '-'
C:\Users\Donc3 Kebabas\Documents\GitHub\OpenGLYoutube\OpenGLYoutube\src\Shader.h(1,2): error C2014: preprocessor command must start as first nonwhite space
C:\Program Files (x86)\Microsoft Visual Studio\2019\Community\VC\Tools\MSVC\14.29.30133\include\list(24,1): error C2143: syntax error: missing ';' before '{'
C:\Program Files (x86)\Microsoft Visual Studio\2019\Community\VC\Tools\MSVC\14.29.30133\include\list(24,1): error C2447: '{': missing function header (old-style formal list?)
C:\Program Files (x86)\Microsoft Visual Studio\2019\Community\VC\Tools\MSVC\14.29.30133\include\xhash(222,45): error C2061: syntax error: identifier '_List_val'
C:\Program Files (x86)\Microsoft Visual Studio\2019\Community\VC\Tools\MSVC\14.29.30133\include\xhash(239): message : see reference to class template instantiation 'std::_List_head_construct_ptr<_Alnode>' being compiled
C:\Program Files (x86)\Microsoft Visual Studio\2019\Community\VC\Tools\MSVC\14.29.30133\include\xhash(224,9): error C3861: '_Mycont': identifier not found
C:\Program Files (x86)\Microsoft Visual Studio\2019\Community\VC\Tools\MSVC\14.29.30133\include\xhash(222,5): message : This diagnostic occurred in the compiler generated function 'std::_List_head_construct_ptr<_Alnode>::_List_head_construct_ptr(_Alnode &)'
C:\Program Files (x86)\Microsoft Visual Studio\2019\Community\VC\Tools\MSVC\14.29.30133\include\xhash(327,33): error C2061: syntax error: identifier 'list'
C:\Program Files (x86)\Microsoft Visual Studio\2019\Community\VC\Tools\MSVC\14.29.30133\include\xhash(1938): message : see reference to class template instantiation 'std::_Hash<_Traits>' being compiled
C:\Program Files (x86)\Microsoft Visual Studio\2019\Community\VC\Tools\MSVC\14.29.30133\include\xhash(328,42): error C2653: '_Mylist': is not a class or namespace name
C:\Program Files (x86)\Microsoft Visual Studio\2019\Community\VC\Tools\MSVC\14.29.30133\include\xhash(328,51): error C2146: syntax error: missing ';' before identifier '_Alnode'
C:\Program Files (x86)\Microsoft Visual Studio\2019\Community\VC\Tools\MSVC\14.29.30133\include\xhash(328,1): error C4430: missing type specifier - int assumed. Note: C++ does not support default-int
C:\Program Files (x86)\Microsoft Visual Studio\2019\Community\VC\Tools\MSVC\14.29.30133\include\xhash(328,1): error C2868: 'std::_Hash<_Traits>::_Alnode': ill-formed using-declaration; expected a qualified-name
C:\Program Files (x86)\Microsoft Visual Studio\2019\Community\VC\Tools\MSVC\14.29.30133\include\xhash(329,42): error C2653: '_Mylist': is not a class or namespace name
C:\Program Files (x86)\Microsoft Visual Studio\2019\Community\VC\Tools\MSVC\14.29.30133\include\xhash(329,51): error C2146: syntax error: missing ';' before identifier '_Alnode_traits'
C:\Program Files (x86)\Microsoft Visual Studio\2019\Community\VC\Tools\MSVC\14.29.30133\include\xhash(329,1): error C4430: missing type specifier - int assumed. Note: C++ does not support default-int
C:\Program Files (x86)\Microsoft Visual Studio\2019\Community\VC\Tools\MSVC\14.29.30133\include\xhash(329,1): error C2868: 'std::_Hash<_Traits>::_Alnode_traits': ill-formed using-declaration; expected a qualified-name
C:\Program Files (x86)\Microsoft Visual Studio\2019\Community\VC\Tools\MSVC\14.29.30133\include\xhash(330,42): error C2653: '_Mylist': is not a class or namespace name
C:\Program Files (x86)\Microsoft Visual Studio\2019\Community\VC\Tools\MSVC\14.29.30133\include\xhash(330,51): error C2146: syntax error: missing ';' before identifier '_Node'
C:\Program Files (x86)\Microsoft Visual Studio\2019\Community\VC\Tools\MSVC\14.29.30133\include\xhash(330,1): error C4430: missing type specifier - int assumed. Note: C++ does not support default-int
C:\Program Files (x86)\Microsoft Visual Studio\2019\Community\VC\Tools\MSVC\14.29.30133\include\xhash(330,1): error C2868: 'std::_Hash<_Traits>::_Node': ill-formed using-declaration; expected a qualified-name
C:\Program Files (x86)\Microsoft Visual Studio\2019\Community\VC\Tools\MSVC\14.29.30133\include\xhash(331,42): error C2653: '_Mylist': is not a class or namespace name
C:\Program Files (x86)\Microsoft Visual Studio\2019\Community\VC\Tools\MSVC\14.29.30133\include\xhash(331,51): error C2146: syntax error: missing ';' before identifier '_Nodeptr'
C:\Program Files (x86)\Microsoft Visual Studio\2019\Community\VC\Tools\MSVC\14.29.30133\include\xhash(331,1): error C4430: missing type specifier - int assumed. Note: C++ does not support default-int
C:\Program Files (x86)\Microsoft Visual Studio\2019\Community\VC\Tools\MSVC\14.29.30133\include\xhash(331,1): error C2868: 'std::_Hash<_Traits>::_Nodeptr': ill-formed using-declaration; expected a qualified-name
C:\Program Files (x86)\Microsoft Visual Studio\2019\Community\VC\Tools\MSVC\14.29.30133\include\xhash(340,38): error C2653: '_Mylist': is not a class or namespace name
C:\Program Files (x86)\Microsoft Visual Studio\2019\Community\VC\Tools\MSVC\14.29.30133\include\xhash(340,47): error C2146: syntax error: missing ';' before identifier 'value_type'
C:\Program Files (x86)\Microsoft Visual Studio\2019\Community\VC\Tools\MSVC\14.29.30133\include\xhash(340,1): error C4430: missing type specifier - int assumed. Note: C++ does not support default-int
C:\Program Files (x86)\Microsoft Visual Studio\2019\Community\VC\Tools\MSVC\14.29.30133\include\xhash(340,1): error C2868: 'std::_Hash<_Traits>::value_type': ill-formed using-declaration; expected a qualified-name
C:\Program Files (x86)\Microsoft Visual Studio\2019\Community\VC\Tools\MSVC\14.29.30133\include\xhash(341,38): error C2653: '_Mylist': is not a class or namespace name
C:\Program Files (x86)\Microsoft Visual Studio\2019\Community\VC\Tools\MSVC\14.29.30133\include\xhash(341,47): error C2146: syntax error: missing ';' before identifier 'allocator_type'
C:\Program Files (x86)\Microsoft Visual Studio\2019\Community\VC\Tools\MSVC\14.29.30133\include\xhash(341,1): error C4430: missing type specifier - int assumed. Note: C++ does not support default-int
C:\Program Files (x86)\Microsoft Visual Studio\2019\Community\VC\Tools\MSVC\14.29.30133\include\xhash(341,1): error C2868: 'std::_Hash<_Traits>::allocator_type': ill-formed using-declaration; expected a qualified-name
C:\Program Files (x86)\Microsoft Visual Studio\2019\Community\VC\Tools\MSVC\14.29.30133\include\xhash(342,38): error C2653: '_Mylist': is not a class or namespace name
C:\Program Files (x86)\Microsoft Visual Studio\2019\Community\VC\Tools\MSVC\14.29.30133\include\xhash(342,47): error C2146: syntax error: missing ';' before identifier 'size_type'
C:\Program Files (x86)\Microsoft Visual Studio\2019\Community\VC\Tools\MSVC\14.29.30133\include\xhash(342,1): error C4430: missing type specifier - int assumed. Note: C++ does not support default-int
C:\Program Files (x86)\Microsoft Visual Studio\2019\Community\VC\Tools\MSVC\14.29.30133\include\xhash(342,1): error C2868: 'std::_Hash<_Traits>::size_type': ill-formed using-declaration; expected a qualified-name
C:\Program Files (x86)\Microsoft Visual Studio\2019\Community\VC\Tools\MSVC\14.29.30133\include\xhash(343,38): error C2653: '_Mylist': is not a class or namespace name
C:\Program Files (x86)\Microsoft Visual Studio\2019\Community\VC\Tools\MSVC\14.29.30133\include\xhash(343,47): error C2146: syntax error: missing ';' before identifier 'difference_type'
C:\Program Files (x86)\Microsoft Visual Studio\2019\Community\VC\Tools\MSVC\14.29.30133\include\xhash(343,1): error C4430: missing type specifier - int assumed. Note: C++ does not support default-int
C:\Program Files (x86)\Microsoft Visual Studio\2019\Community\VC\Tools\MSVC\14.29.30133\include\xhash(343,1): error C2868: 'std::_Hash<_Traits>::difference_type': ill-formed using-declaration; expected a qualified-name
C:\Program Files (x86)\Microsoft Visual Studio\2019\Community\VC\Tools\MSVC\14.29.30133\include\xhash(344,38): error C2653: '_Mylist': is not a class or namespace name
C:\Program Files (x86)\Microsoft Visual Studio\2019\Community\VC\Tools\MSVC\14.29.30133\include\xhash(344,47): error C2146: syntax error: missing ';' before identifier 'pointer'
C:\Program Files (x86)\Microsoft Visual Studio\2019\Community\VC\Tools\MSVC\14.29.30133\include\xhash(344,1): error C4430: missing type specifier - int assumed. Note: C++ does not support default-int
C:\Program Files (x86)\Microsoft Visual Studio\2019\Community\VC\Tools\MSVC\14.29.30133\include\xhash(344,1): error C2868: 'std::_Hash<_Traits>::pointer': ill-formed using-declaration; expected a qualified-name
C:\Program Files (x86)\Microsoft Visual Studio\2019\Community\VC\Tools\MSVC\14.29.30133\include\xhash(345,38): error C2653: '_Mylist': is not a class or namespace name
C:\Program Files (x86)\Microsoft Visual Studio\2019\Community\VC\Tools\MSVC\14.29.30133\include\xhash(345,47): error C2146: syntax error: missing ';' before identifier 'const_pointer'
C:\Program Files (x86)\Microsoft Visual Studio\2019\Community\VC\Tools\MSVC\14.29.30133\include\xhash(345,1): error C4430: missing type specifier - int assumed. Note: C++ does not support default-int
C:\Program Files (x86)\Microsoft Visual Studio\2019\Community\VC\Tools\MSVC\14.29.30133\include\xhash(345,1): error C2868: 'std::_Hash<_Traits>::const_pointer': ill-formed using-declaration; expected a qualified-name
C:\Program Files (x86)\Microsoft Visual Studio\2019\Community\VC\Tools\MSVC\14.29.30133\include\xhash(350,65): error C2653: '_Mylist': is not a class or namespace name
C:\Program Files (x86)\Microsoft Visual Studio\2019\Community\VC\Tools\MSVC\14.29.30133\include\xhash(350,74): error C2146: syntax error: missing '>' before identifier 'const_iterator'
C:\Program Files (x86)\Microsoft Visual Studio\2019\Community\VC\Tools\MSVC\14.29.30133\include\xhash(350,99): error C2653: '_Mylist': is not a class or namespace name
C:\Program Files (x86)\Microsoft Visual Studio\2019\Community\VC\Tools\MSVC\14.29.30133\include\xhash(351,37): error C2653: '_Mylist': is not a class or namespace name
C:\Program Files (x86)\Microsoft Visual Studio\2019\Community\VC\Tools\MSVC\14.29.30133\include\xhash(351,46): error C2146: syntax error: missing ';' before identifier 'const_iterator'
C:\Program Files (x86)\Microsoft Visual Studio\2019\Community\VC\Tools\MSVC\14.29.30133\include\xhash(351,1): error C4430: missing type specifier - int assumed. Note: C++ does not support default-int
C:\Program Files (x86)\Microsoft Visual Studio\2019\Community\VC\Tools\MSVC\14.29.30133\include\xhash(351,1): error C2868: 'std::_Hash<_Traits>::const_iterator': ill-formed using-declaration; expected a qualified-name
C:\Program Files (x86)\Microsoft Visual Studio\2019\Community\VC\Tools\MSVC\14.29.30133\include\xhash(354,18): error C2653: '_Mylist': is not a class or namespace name
C:\Program Files (x86)\Microsoft Visual Studio\2019\Community\VC\Tools\MSVC\14.29.30133\include\xhash(354,27): error C2146: syntax error: missing '>' before identifier '_Unchecked_const_iterator'
C:\Program Files (x86)\Microsoft Visual Studio\2019\Community\VC\Tools\MSVC\14.29.30133\include\xhash(354,63): error C2653: '_Mylist': is not a class or namespace name
C:\Program Files (x86)\Microsoft Visual Studio\2019\Community\VC\Tools\MSVC\14.29.30133\include\xhash(355,48): error C2653: '_Mylist': is not a class or namespace name
C:\Program Files (x86)\Microsoft Visual Studio\2019\Community\VC\Tools\MSVC\14.29.30133\include\xhash(355,57): error C2146: syntax error: missing ';' before identifier '_Unchecked_const_iterator'
C:\Program Files (x86)\Microsoft Visual Studio\2019\Community\VC\Tools\MSVC\14.29.30133\include\xhash(355,1): error C4430: missing type specifier - int assumed. Note: C++ does not support default-int
C:\Program Files (x86)\Microsoft Visual Studio\2019\Community\VC\Tools\MSVC\14.29.30133\include\xhash(355,1): error C2868: 'std::_Hash<_Traits>::_Unchecked_const_iterator': ill-formed using-declaration; expected a qualified-name
C:\Program Files (x86)\Microsoft Visual Studio\2019\Community\VC\Tools\MSVC\14.29.30133\include\xhash(958,23): error C2061: syntax error: identifier '_Mylist'
C:\Program Files (x86)\Microsoft Visual Studio\2019\Community\VC\Tools\MSVC\14.29.30133\include\xhash(966): message : see reference to class template instantiation 'std::_Hash<_Traits>::_Range_eraser' being compiled
C:\Program Files (x86)\Microsoft Visual Studio\2019\Community\VC\Tools\MSVC\14.29.30133\include\xhash(969,16): error C2143: syntax error: missing ';' before '&'
C:\Program Files (x86)\Microsoft Visual Studio\2019\Community\VC\Tools\MSVC\14.29.30133\include\xhash(969,1): error C4430: missing type specifier - int assumed. Note: C++ does not support default-int
C:\Program Files (x86)\Microsoft Visual Studio\2019\Community\VC\Tools\MSVC\14.29.30133\include\xhash(969,1): error C2238: unexpected token(s) preceding ';'
C:\Program Files (x86)\Microsoft Visual Studio\2019\Community\VC\Tools\MSVC\14.29.30133\include\xhash(1932,13): error C3646: '_List': unknown override specifier
C:\Program Files (x86)\Microsoft Visual Studio\2019\Community\VC\Tools\MSVC\14.29.30133\include\xhash(1932,1): error C4430: missing type specifier - int assumed. Note: C++ does not support default-int
C:\Program Files (x86)\Microsoft Visual Studio\2019\Community\VC\Tools\MSVC\14.29.30133\include\xhash(368,30): error C3861: '_List': identifier not found
C:\Program Files (x86)\Microsoft Visual Studio\2019\Community\VC\Tools\MSVC\14.29.30133\include\xhash(371,45): error C3861: '_List': identifier not found
C:\Program Files (x86)\Microsoft Visual Studio\2019\Community\VC\Tools\MSVC\14.29.30133\include\xhash(379,42): error C3861: '_List': identifier not found
C:\Program Files (x86)\Microsoft Visual Studio\2019\Community\VC\Tools\MSVC\14.29.30133\include\xhash(378,5): message : This diagnostic occurred in the compiler generated function 'std::_Hash<_Traits>::_Hash(const std::_Hash<_Traits> &,const _Any_alloc &)'
C:\Program Files (x86)\Microsoft Visual Studio\2019\Community\VC\Tools\MSVC\14.29.30133\include\xhash(382,47): error C3861: '_List': identifier not found
C:\Program Files (x86)\Microsoft Visual Studio\2019\Community\VC\Tools\MSVC\14.29.30133\include\xhash(378,5): message : This diagnostic occurred in the compiler generated function 'std::_Hash<_Traits>::_Hash(const std::_Hash<_Traits> &,const _Any_alloc &)'
C:\Program Files (x86)\Microsoft Visual Studio\2019\Community\VC\Tools\MSVC\14.29.30133\include\xhash(391,42): error C3861: '_List': identifier not found
C:\Program Files (x86)\Microsoft Visual Studio\2019\Community\VC\Tools\MSVC\14.29.30133\include\xhash(394,9): error C3861: '_List': identifier not found
C:\Program Files (x86)\Microsoft Visual Studio\2019\Community\VC\Tools\MSVC\14.29.30133\include\xhash(407,9): error C3861: '_List': identifier not found
C:\Program Files (x86)\Microsoft Visual Studio\2019\Community\VC\Tools\MSVC\14.29.30133\include\xhash(414,87): error C3861: '_List': identifier not found
C:\Program Files (x86)\Microsoft Visual Studio\2019\Community\VC\Tools\MSVC\14.29.30133\include\xhash(418,20): error C3861: '_List': identifier not found
C:\Program Files (x86)\Microsoft Visual Studio\2019\Community\VC\Tools\MSVC\14.29.30133\include\xhash(422,34): error C3861: '_List': identifier not found
C:\Program Files (x86)\Microsoft Visual Studio\2019\Community\VC\Tools\MSVC\14.29.30133\include\xhash(424,17): error C3861: '_List': identifier not found
C:\Program Files (x86)\Microsoft Visual Studio\2019\Community\VC\Tools\MSVC\14.29.30133\include\xhash(438,9): error C3861: '_List': identifier not found
C:\Program Files (x86)\Microsoft Visual Studio\2019\Community\VC\Tools\MSVC\14.29.30133\include\xhash(462,16): error C3861: '_List': identifier not found
C:\Program Files (x86)\Microsoft Visual Studio\2019\Community\VC\Tools\MSVC\14.29.30133\include\xmemory(557,37): error C2825: '_Alloc': must be a class or namespace when followed by '::'
C:\Program Files (x86)\Microsoft Visual Studio\2019\Community\VC\Tools\MSVC\14.29.30133\include\xmemory(738): message : see reference to class template instantiation 'std::_Normal_allocator_traits<_Alloc>' being compiled
          with
          [
              _Alloc=std::_Hash<_Traits>::_Alnode
          ]
C:\Program Files (x86)\Microsoft Visual Studio\2019\Community\VC\Tools\MSVC\14.29.30133\include\xhash(493): message : see reference to class template instantiation 'std::allocator_traits<std::_Hash<_Traits>::_Alnode>' being compiled
C:\Program Files (x86)\Microsoft Visual Studio\2019\Community\VC\Tools\MSVC\14.29.30133\include\xhash(493): message : see reference to alias template instantiation 'std::_Rebind_alloc_t<std::_Hash<_Traits>::_Alnode,std::_Container_proxy>' being compiled
C:\Program Files (x86)\Microsoft Visual Studio\2019\Community\VC\Tools\MSVC\14.29.30133\include\xmemory(557,45): error C2510: '_Alloc': left of '::' must be a class/struct/union
C:\Program Files (x86)\Microsoft Visual Studio\2019\Community\VC\Tools\MSVC\14.29.30133\include\xmemory(557,1): error C2061: syntax error: identifier 'value_type'
C:\Program Files (x86)\Microsoft Visual Studio\2019\Community\VC\Tools\MSVC\14.29.30133\include\xmemory(348,27): error C2825: '_Ty': must be a class or namespace when followed by '::'
C:\Program Files (x86)\Microsoft Visual Studio\2019\Community\VC\Tools\MSVC\14.29.30133\include\xmemory(559): message : see reference to class template instantiation 'std::_Get_pointer_type<_Alloc,void>' being compiled
          with
          [
              _Alloc=std::_Hash<_Traits>::_Alnode
          ]
C:\Program Files (x86)\Microsoft Visual Studio\2019\Community\VC\Tools\MSVC\14.29.30133\include\xmemory(348,32): error C2510: '_Ty': left of '::' must be a class/struct/union
C:\Program Files (x86)\Microsoft Visual Studio\2019\Community\VC\Tools\MSVC\14.29.30133\include\xmemory(348,1): error C2061: syntax error: identifier 'value_type'
C:\Program Files (x86)\Microsoft Visual Studio\2019\Community\VC\Tools\MSVC\14.29.30133\include\xmemory(559,68): error C2039: 'type': is not a member of 'std::_Get_pointer_type<_Alloc,void>'
          with
          [
              _Alloc=std::_Hash<_Traits>::_Alnode
          ]
C:\Program Files (x86)\Microsoft Visual Studio\2019\Community\VC\Tools\MSVC\14.29.30133\include\xmemory(559): message : see declaration of 'std::_Get_pointer_type<_Alloc,void>'
          with
          [
              _Alloc=std::_Hash<_Traits>::_Alnode
          ]
C:\Program Files (x86)\Microsoft Visual Studio\2019\Community\VC\Tools\MSVC\14.29.30133\include\xmemory(559,1): error C2061: syntax error: identifier 'type'
C:\Program Files (x86)\Microsoft Visual Studio\2019\Community\VC\Tools\MSVC\14.29.30133\include\xmemory(361,53): error C2039: 'type': is not a member of 'std::_Get_pointer_type<_Alloc,void>'
          with
          [
              _Alloc=std::_Hash<_Traits>::_Alnode
          ]
C:\Program Files (x86)\Microsoft Visual Studio\2019\Community\VC\Tools\MSVC\14.29.30133\include\xmemory(559): message : see declaration of 'std::_Get_pointer_type<_Alloc,void>'
          with
          [
              _Alloc=std::_Hash<_Traits>::_Alnode
          ]
C:\Program Files (x86)\Microsoft Visual Studio\2019\Community\VC\Tools\MSVC\14.29.30133\include\xmemory(560): message : see reference to class template instantiation 'std::_Get_const_pointer_type<_Alloc,void>' being compiled
          with
          [
              _Alloc=std::_Hash<_Traits>::_Alnode
          ]
C:\Program Files (x86)\Microsoft Visual Studio\2019\Community\VC\Tools\MSVC\14.29.30133\include\xmemory(361,1): error C2061: syntax error: identifier 'type'
C:\Program Files (x86)\Microsoft Visual Studio\2019\Community\VC\Tools\MSVC\14.29.30133\include\xmemory(362,29): error C2825: '_Ty': must be a class or namespace when followed by '::'
C:\Program Files (x86)\Microsoft Visual Studio\2019\Community\VC\Tools\MSVC\14.29.30133\include\xmemory(362,34): error C2510: '_Ty': left of '::' must be a class/struct/union
C:\Program Files (x86)\Microsoft Visual Studio\2019\Community\VC\Tools\MSVC\14.29.30133\include\xmemory(362,1): error C2061: syntax error: identifier 'value_type'
C:\Program Files (x86)\Microsoft Visual Studio\2019\Community\VC\Tools\MSVC\14.29.30133\include\xmemory(363,44): error C2065: '_Ptrty': undeclared identifier
C:\Program Files (x86)\Microsoft Visual Studio\2019\Community\VC\Tools\MSVC\14.29.30133\include\xmemory(363,29): error C2923: 'std::pointer_traits': '_Ptrty' is not a valid template type argument for parameter '_Ty'
C:\Program Files (x86)\Microsoft Visual Studio\2019\Community\VC\Tools\MSVC\14.29.30133\include\xmemory(363): message : see declaration of '_Ptrty'
C:\Program Files (x86)\Microsoft Visual Studio\2019\Community\VC\Tools\MSVC\14.29.30133\include\xmemory(363,1): error C4430: missing type specifier - int assumed. Note: C++ does not support default-int
C:\Program Files (x86)\Microsoft Visual Studio\2019\Community\VC\Tools\MSVC\14.29.30133\include\xmemory(363,75): error C2146: syntax error: missing '>' before identifier '_Valty'
C:\Program Files (x86)\Microsoft Visual Studio\2019\Community\VC\Tools\MSVC\14.29.30133\include\xmemory(376,53): error C2039: 'type': is not a member of 'std::_Get_pointer_type<_Alloc,void>'
          with
          [
              _Alloc=std::_Hash<_Traits>::_Alnode
          ]
C:\Program Files (x86)\Microsoft Visual Studio\2019\Community\VC\Tools\MSVC\14.29.30133\include\xmemory(559): message : see declaration of 'std::_Get_pointer_type<_Alloc,void>'
          with
          [
              _Alloc=std::_Hash<_Traits>::_Alnode
          ]
C:\Program Files (x86)\Microsoft Visual Studio\2019\Community\VC\Tools\MSVC\14.29.30133\include\xmemory(561): message : see reference to class template instantiation 'std::_Get_void_pointer_type<_Alloc,void>' being compiled
          with
          [
              _Alloc=std::_Hash<_Traits>::_Alnode
          ]
C:\Program Files (x86)\Microsoft Visual Studio\2019\Community\VC\Tools\MSVC\14.29.30133\include\xmemory(376,1): error C2061: syntax error: identifier 'type'
C:\Program Files (x86)\Microsoft Visual Studio\2019\Community\VC\Tools\MSVC\14.29.30133\include\xmemory(377,44): error C2065: '_Ptrty': undeclared identifier
C:\Program Files (x86)\Microsoft Visual Studio\2019\Community\VC\Tools\MSVC\14.29.30133\include\xmemory(377,29): error C2923: 'std::pointer_traits': '_Ptrty' is not a valid template type argument for parameter '_Ty'
C:\Program Files (x86)\Microsoft Visual Studio\2019\Community\VC\Tools\MSVC\14.29.30133\include\xmemory(377): message : see declaration of '_Ptrty'
C:\Program Files (x86)\Microsoft Visual Studio\2019\Community\VC\Tools\MSVC\14.29.30133\include\xmemory(388,53): error C2039: 'type': is not a member of 'std::_Get_pointer_type<_Alloc,void>'
          with
          [
              _Alloc=std::_Hash<_Traits>::_Alnode
          ]
C:\Program Files (x86)\Microsoft Visual Studio\2019\Community\VC\Tools\MSVC\14.29.30133\include\xmemory(559): message : see declaration of 'std::_Get_pointer_type<_Alloc,void>'
          with
          [
              _Alloc=std::_Hash<_Traits>::_Alnode
          ]
C:\Program Files (x86)\Microsoft Visual Studio\2019\Community\VC\Tools\MSVC\14.29.30133\include\xmemory(562): message : see reference to class template instantiation 'std::_Get_const_void_pointer_type<_Alloc,void>' being compiled
          with
          [
              _Alloc=std::_Hash<_Traits>::_Alnode
          ]
C:\Program Files (x86)\Microsoft Visual Studio\2019\Community\VC\Tools\MSVC\14.29.30133\include\xmemory(388,1): error C2061: syntax error: identifier 'type'
C:\Program Files (x86)\Microsoft Visual Studio\2019\Community\VC\Tools\MSVC\14.29.30133\include\xmemory(389,44): error C2065: '_Ptrty': undeclared identifier
C:\Program Files (x86)\Microsoft Visual Studio\2019\Community\VC\Tools\MSVC\14.29.30133\include\xmemory(389,29): error C2923: 'std::pointer_traits': '_Ptrty' is not a valid template type argument for parameter '_Ty'
C:\Program Files (x86)\Microsoft Visual Studio\2019\Community\VC\Tools\MSVC\14.29.30133\include\xmemory(389): message : see declaration of '_Ptrty'
C:\Program Files (x86)\Microsoft Visual Studio\2019\Community\VC\Tools\MSVC\14.29.30133\include\xmemory(400,53): error C2039: 'type': is not a member of 'std::_Get_pointer_type<_Alloc,void>'
          with
          [
              _Alloc=std::_Hash<_Traits>::_Alnode
          ]
C:\Program Files (x86)\Microsoft Visual Studio\2019\Community\VC\Tools\MSVC\14.29.30133\include\xmemory(559): message : see declaration of 'std::_Get_pointer_type<_Alloc,void>'
          with
          [
              _Alloc=std::_Hash<_Traits>::_Alnode
          ]
C:\Program Files (x86)\Microsoft Visual Studio\2019\Community\VC\Tools\MSVC\14.29.30133\include\xmemory(412): message : see reference to class template instantiation 'std::_Get_difference_type<_Ty,void>' being compiled
          with
          [
              _Ty=std::_Hash<_Traits>::_Alnode
          ]
C:\Program Files (x86)\Microsoft Visual Studio\2019\Community\VC\Tools\MSVC\14.29.30133\include\xmemory(564): message : see reference to class template instantiation 'std::_Get_size_type<_Alloc,void>' being compiled
          with
          [
              _Alloc=std::_Hash<_Traits>::_Alnode
          ]
C:\Program Files (x86)\Microsoft Visual Studio\2019\Community\VC\Tools\MSVC\14.29.30133\include\xmemory(400,1): error C2061: syntax error: identifier 'type'
C:\Program Files (x86)\Microsoft Visual Studio\2019\Community\VC\Tools\MSVC\14.29.30133\include\xmemory(401,44): error C2065: '_Ptrty': undeclared identifier
C:\Program Files (x86)\Microsoft Visual Studio\2019\Community\VC\Tools\MSVC\14.29.30133\include\xmemory(401,29): error C2923: 'std::pointer_traits': '_Ptrty' is not a valid template type argument for parameter '_Ty'
C:\Program Files (x86)\Microsoft Visual Studio\2019\Community\VC\Tools\MSVC\14.29.30133\include\xmemory(401): message : see declaration of '_Ptrty'
C:\Program Files (x86)\Microsoft Visual Studio\2019\Community\VC\Tools\MSVC\14.29.30133\include\xmemory(401,53): error C2955: 'std::pointer_traits': use of class template requires template argument list
C:\Program Files (x86)\Microsoft Visual Studio\2019\Community\VC\Tools\MSVC\14.29.30133\include\xutility(170): message : see declaration of 'std::pointer_traits'
C:\Program Files (x86)\Microsoft Visual Studio\2019\Community\VC\Tools\MSVC\14.29.30133\include\xmemory(579,9): error C3646: 'allocate': unknown override specifier
C:\Program Files (x86)\Microsoft Visual Studio\2019\Community\VC\Tools\MSVC\14.29.30133\include\xmemory(579,26): error C2065: '_Al': undeclared identifier
C:\Program Files (x86)\Microsoft Visual Studio\2019\Community\VC\Tools\MSVC\14.29.30133\include\xmemory(579,18): error C2275: '_Alloc': illegal use of this type as an expression
C:\Program Files (x86)\Microsoft Visual Studio\2019\Community\VC\Tools\MSVC\14.29.30133\include\xmemory(579,31): error C2226: syntax error: unexpected type 'std::_Normal_allocator_traits<_Alloc>::size_type'
          with
          [
              _Alloc=std::_Hash<_Traits>::_Alnode
          ]
C:\Program Files (x86)\Microsoft Visual Studio\2019\Community\VC\Tools\MSVC\14.29.30133\include\xmemory(579,1): error C2334: unexpected token(s) preceding '{'; skipping apparent function body
C:\Program Files (x86)\Microsoft Visual Studio\2019\Community\VC\Tools\MSVC\14.29.30133\include\xmemory(584,9): error C3646: 'allocate': unknown override specifier
C:\Program Files (x86)\Microsoft Visual Studio\2019\Community\VC\Tools\MSVC\14.29.30133\include\xmemory(584,1): fatal error C1003: error count exceeds 100; stopping compilation
  Generating Code...
